WARNING - 2023-06-03 07:31:43 --> [DEPRECATED] Google\Cloud\Firestore\WriteBatch is deprecated and will be removed in the next major release.
    Use Google\Cloud\Firestore\BulkWriter instead in VENDORPATH\google\cloud-firestore\src\WriteBatch.php on line 48.
 1 VENDORPATH\google\cloud-firestore\src\WriteBatch.php(48): trigger_error('Google\\Cloud\\Firestore\\WriteBatch is deprecated and will be removed in the next major release.
    Use Google\\Cloud\\Firestore\\BulkWriter instead', 16384)
 2 SYSTEMPATH\Autoloader\Autoloader.php(312): include_once('D:\\Suluh\\Kerja\\project\\sipemas\\sipemas-web\\vendor\\google\\cloud-firestore\\src\\WriteBatch.php')
 3 SYSTEMPATH\Autoloader\Autoloader.php(248): CodeIgniter\Autoloader\Autoloader->includeFile('D:\\Suluh\\Kerja\\project\\sipemas\\sipemas-web\\vendor\\composer/../google/cloud-firestore/src/WriteBatch.php')
 4 [internal function]: CodeIgniter\Autoloader\Autoloader->loadClassmap('Google\\Cloud\\Firestore\\WriteBatch')
 5 VENDORPATH\google\cloud-firestore\src\DocumentReference.php(418): class_exists('Google\\Cloud\\Firestore\\WriteBatch')
 6 VENDORPATH\google\cloud-firestore\src\DocumentReference.php(225): Google\Cloud\Firestore\DocumentReference->batchFactory()
 7 APPPATH\Libraries\FirebaseClient.php(76): Google\Cloud\Firestore\DocumentReference->set([...])
 8 APPPATH\Controllers\AdminController.php(54): App\Libraries\FirebaseClient->createAdmin([...])
 9 SYSTEMPATH\CodeIgniter.php(934): App\Controllers\AdminController->create()
10 SYSTEMPATH\CodeIgniter.php(499): CodeIgniter\CodeIgniter->runController(Object(App\Controllers\AdminController))
11 SYSTEMPATH\CodeIgniter.php(368): CodeIgniter\CodeIgniter->handleRequest(null, Object(Config\Cache), false)
12 FCPATH\index.php(67): CodeIgniter\CodeIgniter->run()
13 SYSTEMPATH\Commands\Server\rewrite.php(47): require_once('D:\\Suluh\\Kerja\\project\\sipemas\\sipemas-web\\public\\index.php')
CRITICAL - 2023-06-03 09:44:17 --> Maximum execution time of 60 seconds exceeded
in VENDORPATH\grpc\grpc\src\lib\ServerStreamingCall.php on line 48.
 1 [internal function]: CodeIgniter\Debug\Exceptions->shutdownHandler()
CRITICAL - 2023-06-03 09:45:20 --> Maximum execution time of 60 seconds exceeded
in VENDORPATH\google\cloud-core\src\ExponentialBackoff.php on line 77.
 1 [internal function]: CodeIgniter\Debug\Exceptions->shutdownHandler()
CRITICAL - 2023-06-03 09:46:36 --> Maximum execution time of 60 seconds exceeded
in VENDORPATH\grpc\grpc\src\lib\ServerStreamingCall.php on line 48.
 1 [internal function]: CodeIgniter\Debug\Exceptions->shutdownHandler()
CRITICAL - 2023-06-03 09:47:46 --> Maximum execution time of 60 seconds exceeded
in VENDORPATH\grpc\grpc\src\lib\ServerStreamingCall.php on line 48.
 1 [internal function]: CodeIgniter\Debug\Exceptions->shutdownHandler()
CRITICAL - 2023-06-03 09:48:51 --> Maximum execution time of 60 seconds exceeded
in VENDORPATH\google\cloud-core\src\ExponentialBackoff.php on line 77.
 1 [internal function]: CodeIgniter\Debug\Exceptions->shutdownHandler()
CRITICAL - 2023-06-03 10:11:04 --> Maximum execution time of 60 seconds exceeded
in VENDORPATH\grpc\grpc\src\lib\ServerStreamingCall.php on line 48.
 1 [internal function]: CodeIgniter\Debug\Exceptions->shutdownHandler()
CRITICAL - 2023-06-03 10:22:59 --> Class "App\Controllers\FirebaseClient" not found
in APPPATH\Controllers\PageDashboard.php on line 9.
 1 APPPATH\Controllers\Admin.php(16): App\Controllers\PageDashboard->getData()
 2 SYSTEMPATH\CodeIgniter.php(934): App\Controllers\Admin->index()
 3 SYSTEMPATH\CodeIgniter.php(499): CodeIgniter\CodeIgniter->runController(Object(App\Controllers\Admin))
 4 SYSTEMPATH\CodeIgniter.php(368): CodeIgniter\CodeIgniter->handleRequest(null, Object(Config\Cache), false)
 5 FCPATH\index.php(67): CodeIgniter\CodeIgniter->run()
 6 SYSTEMPATH\Commands\Server\rewrite.php(47): require_once('D:\\Suluh\\Kerja\\project\\sipemas\\sipemas-web\\public\\index.php')
CRITICAL - 2023-06-03 11:11:55 --> Class "App\Controllers\Page" not found
in APPPATH\Controllers\Admin.php on line 18.
 1 SYSTEMPATH\CodeIgniter.php(934): App\Controllers\Admin->profile()
 2 SYSTEMPATH\CodeIgniter.php(499): CodeIgniter\CodeIgniter->runController(Object(App\Controllers\Admin))
 3 SYSTEMPATH\CodeIgniter.php(368): CodeIgniter\CodeIgniter->handleRequest(null, Object(Config\Cache), false)
 4 FCPATH\index.php(67): CodeIgniter\CodeIgniter->run()
 5 SYSTEMPATH\Commands\Server\rewrite.php(47): require_once('D:\\Suluh\\Kerja\\project\\sipemas\\sipemas-web\\public\\index.php')
CRITICAL - 2023-06-03 11:28:41 --> Undefined variable $data
in APPPATH\Controllers\Admin.php on line 11.
 1 APPPATH\Controllers\Admin.php(11): CodeIgniter\Debug\Exceptions->errorHandler(2, 'Undefined variable $data', 'D:\\Suluh\\Kerja\\project\\sipemas\\sipemas-web\\app\\Controllers\\Admin.php', 11)
 2 SYSTEMPATH\CodeIgniter.php(934): App\Controllers\Admin->index()
 3 SYSTEMPATH\CodeIgniter.php(499): CodeIgniter\CodeIgniter->runController(Object(App\Controllers\Admin))
 4 SYSTEMPATH\CodeIgniter.php(368): CodeIgniter\CodeIgniter->handleRequest(null, Object(Config\Cache), false)
 5 FCPATH\index.php(67): CodeIgniter\CodeIgniter->run()
 6 SYSTEMPATH\Commands\Server\rewrite.php(47): require_once('D:\\Suluh\\Kerja\\project\\sipemas\\sipemas-web\\public\\index.php')
CRITICAL - 2023-06-03 11:28:57 --> Undefined variable $data
in APPPATH\Controllers\Admin.php on line 11.
 1 APPPATH\Controllers\Admin.php(11): CodeIgniter\Debug\Exceptions->errorHandler(2, 'Undefined variable $data', 'D:\\Suluh\\Kerja\\project\\sipemas\\sipemas-web\\app\\Controllers\\Admin.php', 11)
 2 SYSTEMPATH\CodeIgniter.php(934): App\Controllers\Admin->index()
 3 SYSTEMPATH\CodeIgniter.php(499): CodeIgniter\CodeIgniter->runController(Object(App\Controllers\Admin))
 4 SYSTEMPATH\CodeIgniter.php(368): CodeIgniter\CodeIgniter->handleRequest(null, Object(Config\Cache), false)
 5 FCPATH\index.php(67): CodeIgniter\CodeIgniter->run()
 6 SYSTEMPATH\Commands\Server\rewrite.php(47): require_once('D:\\Suluh\\Kerja\\project\\sipemas\\sipemas-web\\public\\index.php')
