CRITICAL - 2023-06-02 06:21:15 --> Invalid file: "admin/layout/navbar.php"
in SYSTEMPATH\Exceptions\FrameworkException.php on line 33.
 1 SYSTEMPATH\View\View.php(201): CodeIgniter\Exceptions\FrameworkException::forInvalidFile('admin/layout/navbar.php')
 2 SYSTEMPATH\Common.php(1184): CodeIgniter\View\View->render('admin/layout/navbar.php', [], true)
 3 APPPATH\Views\admin\index.php(3): view('admin/layout/navbar.php')
 4 SYSTEMPATH\View\View.php(213): include('D:\\Suluh\\Kerja\\project\\sipemas\\sipemas-web\\app\\Views\\admin\\index.php')
 5 SYSTEMPATH\View\View.php(216): CodeIgniter\View\View->CodeIgniter\View\{closure}()
 6 SYSTEMPATH\Common.php(1184): CodeIgniter\View\View->render('admin/index', [], true)
 7 APPPATH\Controllers\Admin.php(15): view('admin/index', [...])
 8 SYSTEMPATH\CodeIgniter.php(934): App\Controllers\Admin->index()
 9 SYSTEMPATH\CodeIgniter.php(499): CodeIgniter\CodeIgniter->runController(Object(App\Controllers\Admin))
10 SYSTEMPATH\CodeIgniter.php(368): CodeIgniter\CodeIgniter->handleRequest(null, Object(Config\Cache), false)
11 FCPATH\index.php(67): CodeIgniter\CodeIgniter->run()
12 SYSTEMPATH\Commands\Server\rewrite.php(47): require_once('D:\\Suluh\\Kerja\\project\\sipemas\\sipemas-web\\public\\index.php')
CRITICAL - 2023-06-02 06:53:18 --> Undefined property: App\Controllers\Admin::$load
in APPPATH\Controllers\Admin.php on line 14.
 1 APPPATH\Controllers\Admin.php(14): CodeIgniter\Debug\Exceptions->errorHandler(2, 'Undefined property: App\\Controllers\\Admin::$load', 'D:\\Suluh\\Kerja\\project\\sipemas\\sipemas-web\\app\\Controllers\\Admin.php', 14)
 2 SYSTEMPATH\CodeIgniter.php(934): App\Controllers\Admin->index()
 3 SYSTEMPATH\CodeIgniter.php(499): CodeIgniter\CodeIgniter->runController(Object(App\Controllers\Admin))
 4 SYSTEMPATH\CodeIgniter.php(368): CodeIgniter\CodeIgniter->handleRequest(null, Object(Config\Cache), false)
 5 FCPATH\index.php(67): CodeIgniter\CodeIgniter->run()
 6 SYSTEMPATH\Commands\Server\rewrite.php(47): require_once('D:\\Suluh\\Kerja\\project\\sipemas\\sipemas-web\\public\\index.php')
CRITICAL - 2023-06-02 06:55:24 --> Call to a member function getData() on null
in APPPATH\Controllers\Admin.php on line 16.
 1 SYSTEMPATH\CodeIgniter.php(934): App\Controllers\Admin->index()
 2 SYSTEMPATH\CodeIgniter.php(499): CodeIgniter\CodeIgniter->runController(Object(App\Controllers\Admin))
 3 SYSTEMPATH\CodeIgniter.php(368): CodeIgniter\CodeIgniter->handleRequest(null, Object(Config\Cache), false)
 4 FCPATH\index.php(67): CodeIgniter\CodeIgniter->run()
 5 SYSTEMPATH\Commands\Server\rewrite.php(47): require_once('D:\\Suluh\\Kerja\\project\\sipemas\\sipemas-web\\public\\index.php')
CRITICAL - 2023-06-02 06:56:09 --> Call to a member function getData() on null
in APPPATH\Controllers\Admin.php on line 16.
 1 SYSTEMPATH\CodeIgniter.php(934): App\Controllers\Admin->index()
 2 SYSTEMPATH\CodeIgniter.php(499): CodeIgniter\CodeIgniter->runController(Object(App\Controllers\Admin))
 3 SYSTEMPATH\CodeIgniter.php(368): CodeIgniter\CodeIgniter->handleRequest(null, Object(Config\Cache), false)
 4 FCPATH\index.php(67): CodeIgniter\CodeIgniter->run()
 5 SYSTEMPATH\Commands\Server\rewrite.php(47): require_once('D:\\Suluh\\Kerja\\project\\sipemas\\sipemas-web\\public\\index.php')
CRITICAL - 2023-06-02 07:00:50 --> Class "App\Controllers\App\Controllers\page\PageDashboard" not found
in APPPATH\Controllers\Admin.php on line 10.
 1 SYSTEMPATH\CodeIgniter.php(934): App\Controllers\Admin->index()
 2 SYSTEMPATH\CodeIgniter.php(499): CodeIgniter\CodeIgniter->runController(Object(App\Controllers\Admin))
 3 SYSTEMPATH\CodeIgniter.php(368): CodeIgniter\CodeIgniter->handleRequest(null, Object(Config\Cache), false)
 4 FCPATH\index.php(67): CodeIgniter\CodeIgniter->run()
 5 SYSTEMPATH\Commands\Server\rewrite.php(47): require_once('D:\\Suluh\\Kerja\\project\\sipemas\\sipemas-web\\public\\index.php')
CRITICAL - 2023-06-02 07:01:57 --> Class "App\Controllers\App\Controllers\page\PageDashboard" not found
in APPPATH\Controllers\Admin.php on line 10.
 1 SYSTEMPATH\CodeIgniter.php(934): App\Controllers\Admin->index()
 2 SYSTEMPATH\CodeIgniter.php(499): CodeIgniter\CodeIgniter->runController(Object(App\Controllers\Admin))
 3 SYSTEMPATH\CodeIgniter.php(368): CodeIgniter\CodeIgniter->handleRequest(null, Object(Config\Cache), false)
 4 FCPATH\index.php(67): CodeIgniter\CodeIgniter->run()
 5 SYSTEMPATH\Commands\Server\rewrite.php(47): require_once('D:\\Suluh\\Kerja\\project\\sipemas\\sipemas-web\\public\\index.php')
CRITICAL - 2023-06-02 07:01:59 --> Class "App\Controllers\App\Controllers\page\PageDashboard" not found
in APPPATH\Controllers\Admin.php on line 10.
 1 SYSTEMPATH\CodeIgniter.php(934): App\Controllers\Admin->index()
 2 SYSTEMPATH\CodeIgniter.php(499): CodeIgniter\CodeIgniter->runController(Object(App\Controllers\Admin))
 3 SYSTEMPATH\CodeIgniter.php(368): CodeIgniter\CodeIgniter->handleRequest(null, Object(Config\Cache), false)
 4 FCPATH\index.php(67): CodeIgniter\CodeIgniter->run()
 5 SYSTEMPATH\Commands\Server\rewrite.php(47): require_once('D:\\Suluh\\Kerja\\project\\sipemas\\sipemas-web\\public\\index.php')
CRITICAL - 2023-06-02 07:02:59 --> Class "App\Controllers\App\Controllers\page\PageDashboard" not found
in APPPATH\Controllers\Admin.php on line 10.
 1 SYSTEMPATH\CodeIgniter.php(934): App\Controllers\Admin->index()
 2 SYSTEMPATH\CodeIgniter.php(499): CodeIgniter\CodeIgniter->runController(Object(App\Controllers\Admin))
 3 SYSTEMPATH\CodeIgniter.php(368): CodeIgniter\CodeIgniter->handleRequest(null, Object(Config\Cache), false)
 4 FCPATH\index.php(67): CodeIgniter\CodeIgniter->run()
 5 SYSTEMPATH\Commands\Server\rewrite.php(47): require_once('D:\\Suluh\\Kerja\\project\\sipemas\\sipemas-web\\public\\index.php')
CRITICAL - 2023-06-02 07:03:00 --> Class "App\Controllers\App\Controllers\page\PageDashboard" not found
in APPPATH\Controllers\Admin.php on line 10.
 1 SYSTEMPATH\CodeIgniter.php(934): App\Controllers\Admin->index()
 2 SYSTEMPATH\CodeIgniter.php(499): CodeIgniter\CodeIgniter->runController(Object(App\Controllers\Admin))
 3 SYSTEMPATH\CodeIgniter.php(368): CodeIgniter\CodeIgniter->handleRequest(null, Object(Config\Cache), false)
 4 FCPATH\index.php(67): CodeIgniter\CodeIgniter->run()
 5 SYSTEMPATH\Commands\Server\rewrite.php(47): require_once('D:\\Suluh\\Kerja\\project\\sipemas\\sipemas-web\\public\\index.php')
CRITICAL - 2023-06-02 07:06:43 --> Class "App\Controllers\App\Controllers\page\PageDashboard" not found
in APPPATH\Controllers\Admin.php on line 10.
 1 SYSTEMPATH\CodeIgniter.php(934): App\Controllers\Admin->index()
 2 SYSTEMPATH\CodeIgniter.php(499): CodeIgniter\CodeIgniter->runController(Object(App\Controllers\Admin))
 3 SYSTEMPATH\CodeIgniter.php(368): CodeIgniter\CodeIgniter->handleRequest(null, Object(Config\Cache), false)
 4 FCPATH\index.php(67): CodeIgniter\CodeIgniter->run()
 5 SYSTEMPATH\Commands\Server\rewrite.php(47): require_once('D:\\Suluh\\Kerja\\project\\sipemas\\sipemas-web\\public\\index.php')
CRITICAL - 2023-06-02 07:07:05 --> Class "App\Controllers\App\Controllers\page\PageDashboard" not found
in APPPATH\Controllers\Admin.php on line 10.
 1 SYSTEMPATH\CodeIgniter.php(934): App\Controllers\Admin->index()
 2 SYSTEMPATH\CodeIgniter.php(499): CodeIgniter\CodeIgniter->runController(Object(App\Controllers\Admin))
 3 SYSTEMPATH\CodeIgniter.php(368): CodeIgniter\CodeIgniter->handleRequest(null, Object(Config\Cache), false)
 4 FCPATH\index.php(67): CodeIgniter\CodeIgniter->run()
 5 SYSTEMPATH\Commands\Server\rewrite.php(47): require_once('D:\\Suluh\\Kerja\\project\\sipemas\\sipemas-web\\public\\index.php')
CRITICAL - 2023-06-02 07:11:17 --> Class "App\Controllers\App\Controllers\page\PageDashboard" not found
in APPPATH\Controllers\Admin.php on line 10.
 1 SYSTEMPATH\CodeIgniter.php(934): App\Controllers\Admin->index()
 2 SYSTEMPATH\CodeIgniter.php(499): CodeIgniter\CodeIgniter->runController(Object(App\Controllers\Admin))
 3 SYSTEMPATH\CodeIgniter.php(368): CodeIgniter\CodeIgniter->handleRequest(null, Object(Config\Cache), false)
 4 FCPATH\index.php(67): CodeIgniter\CodeIgniter->run()
 5 SYSTEMPATH\Commands\Server\rewrite.php(47): require_once('D:\\Suluh\\Kerja\\project\\sipemas\\sipemas-web\\public\\index.php')
CRITICAL - 2023-06-02 07:11:28 --> Class "App\Controllers\App\Controllers\page\PageDashboard" not found
in APPPATH\Controllers\Admin.php on line 10.
 1 SYSTEMPATH\CodeIgniter.php(934): App\Controllers\Admin->index()
 2 SYSTEMPATH\CodeIgniter.php(499): CodeIgniter\CodeIgniter->runController(Object(App\Controllers\Admin))
 3 SYSTEMPATH\CodeIgniter.php(368): CodeIgniter\CodeIgniter->handleRequest(null, Object(Config\Cache), false)
 4 FCPATH\index.php(67): CodeIgniter\CodeIgniter->run()
 5 SYSTEMPATH\Commands\Server\rewrite.php(47): require_once('D:\\Suluh\\Kerja\\project\\sipemas\\sipemas-web\\public\\index.php')
CRITICAL - 2023-06-02 07:11:57 --> syntax error, unexpected token "->"
in APPPATH\Controllers\Admin.php on line 10.
 1 SYSTEMPATH\Autoloader\Autoloader.php(289): CodeIgniter\Autoloader\Autoloader->includeFile('D:\\Suluh\\Kerja\\project\\sipemas\\sipemas-web\\app\\Controllers\\Admin.php')
 2 SYSTEMPATH\Autoloader\Autoloader.php(267): CodeIgniter\Autoloader\Autoloader->loadInNamespace('App\\Controllers\\Admin')
 3 [internal function]: CodeIgniter\Autoloader\Autoloader->loadClass('App\\Controllers\\Admin')
 4 SYSTEMPATH\CodeIgniter.php(892): class_exists('\\App\\Controllers\\Admin', true)
 5 SYSTEMPATH\CodeIgniter.php(486): CodeIgniter\CodeIgniter->startController()
 6 SYSTEMPATH\CodeIgniter.php(368): CodeIgniter\CodeIgniter->handleRequest(null, Object(Config\Cache), false)
 7 FCPATH\index.php(67): CodeIgniter\CodeIgniter->run()
 8 SYSTEMPATH\Commands\Server\rewrite.php(47): require_once('D:\\Suluh\\Kerja\\project\\sipemas\\sipemas-web\\public\\index.php')
CRITICAL - 2023-06-02 07:12:16 --> syntax error, unexpected token "->"
in APPPATH\Controllers\Admin.php on line 10.
 1 SYSTEMPATH\Autoloader\Autoloader.php(289): CodeIgniter\Autoloader\Autoloader->includeFile('D:\\Suluh\\Kerja\\project\\sipemas\\sipemas-web\\app\\Controllers\\Admin.php')
 2 SYSTEMPATH\Autoloader\Autoloader.php(267): CodeIgniter\Autoloader\Autoloader->loadInNamespace('App\\Controllers\\Admin')
 3 [internal function]: CodeIgniter\Autoloader\Autoloader->loadClass('App\\Controllers\\Admin')
 4 SYSTEMPATH\CodeIgniter.php(892): class_exists('\\App\\Controllers\\Admin', true)
 5 SYSTEMPATH\CodeIgniter.php(486): CodeIgniter\CodeIgniter->startController()
 6 SYSTEMPATH\CodeIgniter.php(368): CodeIgniter\CodeIgniter->handleRequest(null, Object(Config\Cache), false)
 7 FCPATH\index.php(67): CodeIgniter\CodeIgniter->run()
 8 SYSTEMPATH\Commands\Server\rewrite.php(47): require_once('D:\\Suluh\\Kerja\\project\\sipemas\\sipemas-web\\public\\index.php')
CRITICAL - 2023-06-02 07:12:30 --> Class "App\Controllers\App\Controllers\page\PageDashboard\getAdmins" not found
in APPPATH\Controllers\Admin.php on line 10.
 1 SYSTEMPATH\CodeIgniter.php(934): App\Controllers\Admin->index()
 2 SYSTEMPATH\CodeIgniter.php(499): CodeIgniter\CodeIgniter->runController(Object(App\Controllers\Admin))
 3 SYSTEMPATH\CodeIgniter.php(368): CodeIgniter\CodeIgniter->handleRequest(null, Object(Config\Cache), false)
 4 FCPATH\index.php(67): CodeIgniter\CodeIgniter->run()
 5 SYSTEMPATH\Commands\Server\rewrite.php(47): require_once('D:\\Suluh\\Kerja\\project\\sipemas\\sipemas-web\\public\\index.php')
CRITICAL - 2023-06-02 07:12:46 --> Class "App\Controllers\App\Controllers\page\PageDashboard" not found
in APPPATH\Controllers\Admin.php on line 10.
 1 SYSTEMPATH\CodeIgniter.php(934): App\Controllers\Admin->index()
 2 SYSTEMPATH\CodeIgniter.php(499): CodeIgniter\CodeIgniter->runController(Object(App\Controllers\Admin))
 3 SYSTEMPATH\CodeIgniter.php(368): CodeIgniter\CodeIgniter->handleRequest(null, Object(Config\Cache), false)
 4 FCPATH\index.php(67): CodeIgniter\CodeIgniter->run()
 5 SYSTEMPATH\Commands\Server\rewrite.php(47): require_once('D:\\Suluh\\Kerja\\project\\sipemas\\sipemas-web\\public\\index.php')
CRITICAL - 2023-06-02 07:13:42 --> Class "App\Controllers\page\BaseController" not found
in APPPATH\Controllers\page\PageDashboard.php on line 5.
 1 SYSTEMPATH\Autoloader\Autoloader.php(312): include_once()
 2 SYSTEMPATH\Autoloader\Autoloader.php(289): CodeIgniter\Autoloader\Autoloader->includeFile('D:\\Suluh\\Kerja\\project\\sipemas\\sipemas-web\\app\\Controllers\\page\\PageDashboard.php')
 3 SYSTEMPATH\Autoloader\Autoloader.php(267): CodeIgniter\Autoloader\Autoloader->loadInNamespace('App\\Controllers\\page\\PageDashboard')
 4 APPPATH\Controllers\Admin.php(10): CodeIgniter\Autoloader\Autoloader->loadClass('App\\Controllers\\page\\PageDashboard')
 5 SYSTEMPATH\CodeIgniter.php(934): App\Controllers\Admin->index()
 6 SYSTEMPATH\CodeIgniter.php(499): CodeIgniter\CodeIgniter->runController(Object(App\Controllers\Admin))
 7 SYSTEMPATH\CodeIgniter.php(368): CodeIgniter\CodeIgniter->handleRequest(null, Object(Config\Cache), false)
 8 FCPATH\index.php(67): CodeIgniter\CodeIgniter->run()
 9 SYSTEMPATH\Commands\Server\rewrite.php(47): require_once('D:\\Suluh\\Kerja\\project\\sipemas\\sipemas-web\\public\\index.php')
CRITICAL - 2023-06-02 07:15:03 --> Cannot declare class App\Controllers\BaseController, because the name is already in use
in APPPATH\Controllers\page\BaseController.php on line 0.
 1 [internal function]: CodeIgniter\Debug\Exceptions->shutdownHandler()
CRITICAL - 2023-06-02 07:15:46 --> Class "App\Controllers\page\BaseController" not found
in APPPATH\Controllers\page\PageDashboard.php on line 5.
 1 SYSTEMPATH\Autoloader\Autoloader.php(312): include_once()
 2 SYSTEMPATH\Autoloader\Autoloader.php(289): CodeIgniter\Autoloader\Autoloader->includeFile('D:\\Suluh\\Kerja\\project\\sipemas\\sipemas-web\\app\\Controllers\\page\\PageDashboard.php')
 3 SYSTEMPATH\Autoloader\Autoloader.php(267): CodeIgniter\Autoloader\Autoloader->loadInNamespace('App\\Controllers\\page\\PageDashboard')
 4 APPPATH\Controllers\Admin.php(10): CodeIgniter\Autoloader\Autoloader->loadClass('App\\Controllers\\page\\PageDashboard')
 5 SYSTEMPATH\CodeIgniter.php(934): App\Controllers\Admin->index()
 6 SYSTEMPATH\CodeIgniter.php(499): CodeIgniter\CodeIgniter->runController(Object(App\Controllers\Admin))
 7 SYSTEMPATH\CodeIgniter.php(368): CodeIgniter\CodeIgniter->handleRequest(null, Object(Config\Cache), false)
 8 FCPATH\index.php(67): CodeIgniter\CodeIgniter->run()
 9 SYSTEMPATH\Commands\Server\rewrite.php(47): require_once('D:\\Suluh\\Kerja\\project\\sipemas\\sipemas-web\\public\\index.php')
CRITICAL - 2023-06-02 07:21:31 --> Class "App\Controllers\page\Controller" not found
in APPPATH\Controllers\page\PageDashboard.php on line 5.
 1 SYSTEMPATH\Autoloader\Autoloader.php(312): include_once()
 2 SYSTEMPATH\Autoloader\Autoloader.php(289): CodeIgniter\Autoloader\Autoloader->includeFile('D:\\Suluh\\Kerja\\project\\sipemas\\sipemas-web\\app\\Controllers\\page\\PageDashboard.php')
 3 SYSTEMPATH\Autoloader\Autoloader.php(267): CodeIgniter\Autoloader\Autoloader->loadInNamespace('App\\Controllers\\page\\PageDashboard')
 4 APPPATH\Controllers\Admin.php(10): CodeIgniter\Autoloader\Autoloader->loadClass('App\\Controllers\\page\\PageDashboard')
 5 SYSTEMPATH\CodeIgniter.php(934): App\Controllers\Admin->index()
 6 SYSTEMPATH\CodeIgniter.php(499): CodeIgniter\CodeIgniter->runController(Object(App\Controllers\Admin))
 7 SYSTEMPATH\CodeIgniter.php(368): CodeIgniter\CodeIgniter->handleRequest(null, Object(Config\Cache), false)
 8 FCPATH\index.php(67): CodeIgniter\CodeIgniter->run()
 9 SYSTEMPATH\Commands\Server\rewrite.php(47): require_once('D:\\Suluh\\Kerja\\project\\sipemas\\sipemas-web\\public\\index.php')
CRITICAL - 2023-06-02 07:21:34 --> Class "App\Controllers\page\Controller" not found
in APPPATH\Controllers\page\PageDashboard.php on line 5.
 1 SYSTEMPATH\Autoloader\Autoloader.php(312): include_once()
 2 SYSTEMPATH\Autoloader\Autoloader.php(289): CodeIgniter\Autoloader\Autoloader->includeFile('D:\\Suluh\\Kerja\\project\\sipemas\\sipemas-web\\app\\Controllers\\page\\PageDashboard.php')
 3 SYSTEMPATH\Autoloader\Autoloader.php(267): CodeIgniter\Autoloader\Autoloader->loadInNamespace('App\\Controllers\\page\\PageDashboard')
 4 APPPATH\Controllers\Admin.php(10): CodeIgniter\Autoloader\Autoloader->loadClass('App\\Controllers\\page\\PageDashboard')
 5 SYSTEMPATH\CodeIgniter.php(934): App\Controllers\Admin->index()
 6 SYSTEMPATH\CodeIgniter.php(499): CodeIgniter\CodeIgniter->runController(Object(App\Controllers\Admin))
 7 SYSTEMPATH\CodeIgniter.php(368): CodeIgniter\CodeIgniter->handleRequest(null, Object(Config\Cache), false)
 8 FCPATH\index.php(67): CodeIgniter\CodeIgniter->run()
 9 SYSTEMPATH\Commands\Server\rewrite.php(47): require_once('D:\\Suluh\\Kerja\\project\\sipemas\\sipemas-web\\public\\index.php')
CRITICAL - 2023-06-02 07:21:49 --> Class "App\Controllers\page\Controller" not found
in APPPATH\Controllers\page\PageDashboard.php on line 5.
 1 SYSTEMPATH\Autoloader\Autoloader.php(312): include_once()
 2 SYSTEMPATH\Autoloader\Autoloader.php(289): CodeIgniter\Autoloader\Autoloader->includeFile('D:\\Suluh\\Kerja\\project\\sipemas\\sipemas-web\\app\\Controllers\\page\\PageDashboard.php')
 3 SYSTEMPATH\Autoloader\Autoloader.php(267): CodeIgniter\Autoloader\Autoloader->loadInNamespace('App\\Controllers\\page\\PageDashboard')
 4 APPPATH\Controllers\Admin.php(10): CodeIgniter\Autoloader\Autoloader->loadClass('App\\Controllers\\page\\PageDashboard')
 5 SYSTEMPATH\CodeIgniter.php(934): App\Controllers\Admin->index()
 6 SYSTEMPATH\CodeIgniter.php(499): CodeIgniter\CodeIgniter->runController(Object(App\Controllers\Admin))
 7 SYSTEMPATH\CodeIgniter.php(368): CodeIgniter\CodeIgniter->handleRequest(null, Object(Config\Cache), false)
 8 FCPATH\index.php(67): CodeIgniter\CodeIgniter->run()
 9 SYSTEMPATH\Commands\Server\rewrite.php(47): require_once('D:\\Suluh\\Kerja\\project\\sipemas\\sipemas-web\\public\\index.php')
CRITICAL - 2023-06-02 07:21:51 --> Class "App\Controllers\page\Controller" not found
in APPPATH\Controllers\page\PageDashboard.php on line 5.
 1 SYSTEMPATH\Autoloader\Autoloader.php(312): include_once()
 2 SYSTEMPATH\Autoloader\Autoloader.php(289): CodeIgniter\Autoloader\Autoloader->includeFile('D:\\Suluh\\Kerja\\project\\sipemas\\sipemas-web\\app\\Controllers\\page\\PageDashboard.php')
 3 SYSTEMPATH\Autoloader\Autoloader.php(267): CodeIgniter\Autoloader\Autoloader->loadInNamespace('App\\Controllers\\page\\PageDashboard')
 4 APPPATH\Controllers\Admin.php(10): CodeIgniter\Autoloader\Autoloader->loadClass('App\\Controllers\\page\\PageDashboard')
 5 SYSTEMPATH\CodeIgniter.php(934): App\Controllers\Admin->index()
 6 SYSTEMPATH\CodeIgniter.php(499): CodeIgniter\CodeIgniter->runController(Object(App\Controllers\Admin))
 7 SYSTEMPATH\CodeIgniter.php(368): CodeIgniter\CodeIgniter->handleRequest(null, Object(Config\Cache), false)
 8 FCPATH\index.php(67): CodeIgniter\CodeIgniter->run()
 9 SYSTEMPATH\Commands\Server\rewrite.php(47): require_once('D:\\Suluh\\Kerja\\project\\sipemas\\sipemas-web\\public\\index.php')
CRITICAL - 2023-06-02 07:22:46 --> Class "App\Controllers\App\Controllers\PageDashboard" not found
in APPPATH\Controllers\Admin.php on line 10.
 1 SYSTEMPATH\CodeIgniter.php(934): App\Controllers\Admin->index()
 2 SYSTEMPATH\CodeIgniter.php(499): CodeIgniter\CodeIgniter->runController(Object(App\Controllers\Admin))
 3 SYSTEMPATH\CodeIgniter.php(368): CodeIgniter\CodeIgniter->handleRequest(null, Object(Config\Cache), false)
 4 FCPATH\index.php(67): CodeIgniter\CodeIgniter->run()
 5 SYSTEMPATH\Commands\Server\rewrite.php(47): require_once('D:\\Suluh\\Kerja\\project\\sipemas\\sipemas-web\\public\\index.php')
CRITICAL - 2023-06-02 07:22:54 --> Class "App\Controllers\App\Controllers\PageDashboard" not found
in APPPATH\Controllers\Admin.php on line 10.
 1 SYSTEMPATH\CodeIgniter.php(934): App\Controllers\Admin->index()
 2 SYSTEMPATH\CodeIgniter.php(499): CodeIgniter\CodeIgniter->runController(Object(App\Controllers\Admin))
 3 SYSTEMPATH\CodeIgniter.php(368): CodeIgniter\CodeIgniter->handleRequest(null, Object(Config\Cache), false)
 4 FCPATH\index.php(67): CodeIgniter\CodeIgniter->run()
 5 SYSTEMPATH\Commands\Server\rewrite.php(47): require_once('D:\\Suluh\\Kerja\\project\\sipemas\\sipemas-web\\public\\index.php')
CRITICAL - 2023-06-02 07:23:04 --> Class "App\Controllers\App\Controllers\PageDashboard" not found
in APPPATH\Controllers\Admin.php on line 10.
 1 SYSTEMPATH\CodeIgniter.php(934): App\Controllers\Admin->index()
 2 SYSTEMPATH\CodeIgniter.php(499): CodeIgniter\CodeIgniter->runController(Object(App\Controllers\Admin))
 3 SYSTEMPATH\CodeIgniter.php(368): CodeIgniter\CodeIgniter->handleRequest(null, Object(Config\Cache), false)
 4 FCPATH\index.php(67): CodeIgniter\CodeIgniter->run()
 5 SYSTEMPATH\Commands\Server\rewrite.php(47): require_once('D:\\Suluh\\Kerja\\project\\sipemas\\sipemas-web\\public\\index.php')
CRITICAL - 2023-06-02 07:23:26 --> Class "App\Controllers\App\Controllers\PageDashboard" not found
in APPPATH\Controllers\Admin.php on line 10.
 1 SYSTEMPATH\CodeIgniter.php(934): App\Controllers\Admin->index()
 2 SYSTEMPATH\CodeIgniter.php(499): CodeIgniter\CodeIgniter->runController(Object(App\Controllers\Admin))
 3 SYSTEMPATH\CodeIgniter.php(368): CodeIgniter\CodeIgniter->handleRequest(null, Object(Config\Cache), false)
 4 FCPATH\index.php(67): CodeIgniter\CodeIgniter->run()
 5 SYSTEMPATH\Commands\Server\rewrite.php(47): require_once('D:\\Suluh\\Kerja\\project\\sipemas\\sipemas-web\\public\\index.php')
CRITICAL - 2023-06-02 07:23:28 --> Class "App\Controllers\App\Controllers\PageDashboard" not found
in APPPATH\Controllers\Admin.php on line 10.
 1 SYSTEMPATH\CodeIgniter.php(934): App\Controllers\Admin->index()
 2 SYSTEMPATH\CodeIgniter.php(499): CodeIgniter\CodeIgniter->runController(Object(App\Controllers\Admin))
 3 SYSTEMPATH\CodeIgniter.php(368): CodeIgniter\CodeIgniter->handleRequest(null, Object(Config\Cache), false)
 4 FCPATH\index.php(67): CodeIgniter\CodeIgniter->run()
 5 SYSTEMPATH\Commands\Server\rewrite.php(47): require_once('D:\\Suluh\\Kerja\\project\\sipemas\\sipemas-web\\public\\index.php')
CRITICAL - 2023-06-02 07:23:56 --> Class "App\Controllers\App\Controllers\PageDashboard" not found
in APPPATH\Controllers\Admin.php on line 10.
 1 SYSTEMPATH\CodeIgniter.php(934): App\Controllers\Admin->index()
 2 SYSTEMPATH\CodeIgniter.php(499): CodeIgniter\CodeIgniter->runController(Object(App\Controllers\Admin))
 3 SYSTEMPATH\CodeIgniter.php(368): CodeIgniter\CodeIgniter->handleRequest(null, Object(Config\Cache), false)
 4 FCPATH\index.php(67): CodeIgniter\CodeIgniter->run()
 5 SYSTEMPATH\Commands\Server\rewrite.php(47): require_once('D:\\Suluh\\Kerja\\project\\sipemas\\sipemas-web\\public\\index.php')
CRITICAL - 2023-06-02 07:25:39 --> Array to string conversion
in APPPATH\Views\admin\index.php on line 6.
 1 APPPATH\Views\admin\index.php(6): CodeIgniter\Debug\Exceptions->errorHandler(2, 'Array to string conversion', 'D:\\Suluh\\Kerja\\project\\sipemas\\sipemas-web\\app\\Views\\admin\\index.php', 6)
 2 SYSTEMPATH\View\View.php(213): include('D:\\Suluh\\Kerja\\project\\sipemas\\sipemas-web\\app\\Views\\admin\\index.php')
 3 SYSTEMPATH\View\View.php(216): CodeIgniter\View\View->CodeIgniter\View\{closure}()
 4 SYSTEMPATH\Common.php(1184): CodeIgniter\View\View->render('admin/index', [], true)
 5 APPPATH\Controllers\Admin.php(20): view('admin/index', [...])
 6 SYSTEMPATH\CodeIgniter.php(934): App\Controllers\Admin->index()
 7 SYSTEMPATH\CodeIgniter.php(499): CodeIgniter\CodeIgniter->runController(Object(App\Controllers\Admin))
 8 SYSTEMPATH\CodeIgniter.php(368): CodeIgniter\CodeIgniter->handleRequest(null, Object(Config\Cache), false)
 9 FCPATH\index.php(67): CodeIgniter\CodeIgniter->run()
10 SYSTEMPATH\Commands\Server\rewrite.php(47): require_once('D:\\Suluh\\Kerja\\project\\sipemas\\sipemas-web\\public\\index.php')
