INFO - 2023-06-04 05:08:17 --> Session: Class initialized using 'CodeIgniter\Session\Handlers\FileHandler' driver.
CRITICAL - 2023-06-04 05:08:17 --> Class "App\Controllers\Changelog" not found
in APPPATH\Controllers\Login.php on line 33.
 1 SYSTEMPATH\CodeIgniter.php(906): App\Controllers\Login->__construct()
 2 SYSTEMPATH\CodeIgniter.php(490): CodeIgniter\CodeIgniter->createController()
 3 SYSTEMPATH\CodeIgniter.php(368): CodeIgniter\CodeIgniter->handleRequest(null, Object(Config\Cache), false)
 4 FCPATH\index.php(67): CodeIgniter\CodeIgniter->run()
 5 SYSTEMPATH\Commands\Server\rewrite.php(47): require_once('D:\\Suluh\\Kerja\\project\\sipemas\\sipemas-web\\public\\index.php')
INFO - 2023-06-04 05:08:34 --> Session: Class initialized using 'CodeIgniter\Session\Handlers\FileHandler' driver.
CRITICAL - 2023-06-04 05:08:36 --> Undefined array key "data"
in APPPATH\Controllers\Login.php on line 171.
 1 APPPATH\Controllers\Login.php(171): CodeIgniter\Debug\Exceptions->errorHandler(2, 'Undefined array key "data"', 'D:\\Suluh\\Kerja\\project\\sipemas\\sipemas-web\\app\\Controllers\\Login.php', 171)
 2 SYSTEMPATH\CodeIgniter.php(934): App\Controllers\Login->index()
 3 SYSTEMPATH\CodeIgniter.php(499): CodeIgniter\CodeIgniter->runController(Object(App\Controllers\Login))
 4 SYSTEMPATH\CodeIgniter.php(368): CodeIgniter\CodeIgniter->handleRequest(null, Object(Config\Cache), false)
 5 FCPATH\index.php(67): CodeIgniter\CodeIgniter->run()
 6 SYSTEMPATH\Commands\Server\rewrite.php(47): require_once('D:\\Suluh\\Kerja\\project\\sipemas\\sipemas-web\\public\\index.php')
INFO - 2023-06-04 05:09:22 --> Session: Class initialized using 'CodeIgniter\Session\Handlers\FileHandler' driver.
INFO - 2023-06-04 05:10:02 --> Session: Class initialized using 'CodeIgniter\Session\Handlers\FileHandler' driver.
CRITICAL - 2023-06-04 05:10:03 --> Undefined array key "recaptchaSiteKey"
in APPPATH\Views\login\index.php on line 34.
 1 APPPATH\Views\login\index.php(34): CodeIgniter\Debug\Exceptions->errorHandler(2, 'Undefined array key "recaptchaSiteKey"', 'D:\\Suluh\\Kerja\\project\\sipemas\\sipemas-web\\app\\Views\\login\\index.php', 34)
 2 SYSTEMPATH\View\View.php(213): include('D:\\Suluh\\Kerja\\project\\sipemas\\sipemas-web\\app\\Views\\login\\index.php')
 3 SYSTEMPATH\View\View.php(216): CodeIgniter\View\View->CodeIgniter\View\{closure}()
 4 SYSTEMPATH\Common.php(1184): CodeIgniter\View\View->render('login/index', [], true)
 5 APPPATH\Controllers\Login.php(174): view('login/index', [...])
 6 SYSTEMPATH\CodeIgniter.php(934): App\Controllers\Login->index()
 7 SYSTEMPATH\CodeIgniter.php(499): CodeIgniter\CodeIgniter->runController(Object(App\Controllers\Login))
 8 SYSTEMPATH\CodeIgniter.php(368): CodeIgniter\CodeIgniter->handleRequest(null, Object(Config\Cache), false)
 9 FCPATH\index.php(67): CodeIgniter\CodeIgniter->run()
10 SYSTEMPATH\Commands\Server\rewrite.php(47): require_once('D:\\Suluh\\Kerja\\project\\sipemas\\sipemas-web\\public\\index.php')
INFO - 2023-06-04 05:10:39 --> Session: Class initialized using 'CodeIgniter\Session\Handlers\FileHandler' driver.
CRITICAL - 2023-06-04 05:10:39 --> Undefined array key "recaptchaSiteKey"
in APPPATH\Views\login\index.php on line 34.
 1 APPPATH\Views\login\index.php(34): CodeIgniter\Debug\Exceptions->errorHandler(2, 'Undefined array key "recaptchaSiteKey"', 'D:\\Suluh\\Kerja\\project\\sipemas\\sipemas-web\\app\\Views\\login\\index.php', 34)
 2 SYSTEMPATH\View\View.php(213): include('D:\\Suluh\\Kerja\\project\\sipemas\\sipemas-web\\app\\Views\\login\\index.php')
 3 SYSTEMPATH\View\View.php(216): CodeIgniter\View\View->CodeIgniter\View\{closure}()
 4 SYSTEMPATH\Common.php(1184): CodeIgniter\View\View->render('login/index', [], true)
 5 APPPATH\Controllers\Login.php(174): view('login/index', [...])
 6 SYSTEMPATH\CodeIgniter.php(934): App\Controllers\Login->index()
 7 SYSTEMPATH\CodeIgniter.php(499): CodeIgniter\CodeIgniter->runController(Object(App\Controllers\Login))
 8 SYSTEMPATH\CodeIgniter.php(368): CodeIgniter\CodeIgniter->handleRequest(null, Object(Config\Cache), false)
 9 FCPATH\index.php(67): CodeIgniter\CodeIgniter->run()
10 SYSTEMPATH\Commands\Server\rewrite.php(47): require_once('D:\\Suluh\\Kerja\\project\\sipemas\\sipemas-web\\public\\index.php')
INFO - 2023-06-04 05:10:44 --> Session: Class initialized using 'CodeIgniter\Session\Handlers\FileHandler' driver.
CRITICAL - 2023-06-04 05:10:45 --> Undefined array key "recaptchaSiteKey"
in APPPATH\Views\login\index.php on line 34.
 1 APPPATH\Views\login\index.php(34): CodeIgniter\Debug\Exceptions->errorHandler(2, 'Undefined array key "recaptchaSiteKey"', 'D:\\Suluh\\Kerja\\project\\sipemas\\sipemas-web\\app\\Views\\login\\index.php', 34)
 2 SYSTEMPATH\View\View.php(213): include('D:\\Suluh\\Kerja\\project\\sipemas\\sipemas-web\\app\\Views\\login\\index.php')
 3 SYSTEMPATH\View\View.php(216): CodeIgniter\View\View->CodeIgniter\View\{closure}()
 4 SYSTEMPATH\Common.php(1184): CodeIgniter\View\View->render('login/index', [], true)
 5 APPPATH\Controllers\Login.php(174): view('login/index', [...])
 6 SYSTEMPATH\CodeIgniter.php(934): App\Controllers\Login->index()
 7 SYSTEMPATH\CodeIgniter.php(499): CodeIgniter\CodeIgniter->runController(Object(App\Controllers\Login))
 8 SYSTEMPATH\CodeIgniter.php(368): CodeIgniter\CodeIgniter->handleRequest(null, Object(Config\Cache), false)
 9 FCPATH\index.php(67): CodeIgniter\CodeIgniter->run()
10 SYSTEMPATH\Commands\Server\rewrite.php(47): require_once('D:\\Suluh\\Kerja\\project\\sipemas\\sipemas-web\\public\\index.php')
INFO - 2023-06-04 05:11:16 --> Session: Class initialized using 'CodeIgniter\Session\Handlers\FileHandler' driver.
CRITICAL - 2023-06-04 05:11:17 --> Undefined variable $login_link
in APPPATH\Views\login\index.php on line 76.
 1 APPPATH\Views\login\index.php(76): CodeIgniter\Debug\Exceptions->errorHandler(2, 'Undefined variable $login_link', 'D:\\Suluh\\Kerja\\project\\sipemas\\sipemas-web\\app\\Views\\login\\index.php', 76)
 2 SYSTEMPATH\View\View.php(213): include('D:\\Suluh\\Kerja\\project\\sipemas\\sipemas-web\\app\\Views\\login\\index.php')
 3 SYSTEMPATH\View\View.php(216): CodeIgniter\View\View->CodeIgniter\View\{closure}()
 4 SYSTEMPATH\Common.php(1184): CodeIgniter\View\View->render('login/index', [], true)
 5 APPPATH\Controllers\Login.php(174): view('login/index', [...])
 6 SYSTEMPATH\CodeIgniter.php(934): App\Controllers\Login->index()
 7 SYSTEMPATH\CodeIgniter.php(499): CodeIgniter\CodeIgniter->runController(Object(App\Controllers\Login))
 8 SYSTEMPATH\CodeIgniter.php(368): CodeIgniter\CodeIgniter->handleRequest(null, Object(Config\Cache), false)
 9 FCPATH\index.php(67): CodeIgniter\CodeIgniter->run()
10 SYSTEMPATH\Commands\Server\rewrite.php(47): require_once('D:\\Suluh\\Kerja\\project\\sipemas\\sipemas-web\\public\\index.php')
INFO - 2023-06-04 05:11:45 --> Session: Class initialized using 'CodeIgniter\Session\Handlers\FileHandler' driver.
CRITICAL - 2023-06-04 05:11:45 --> Undefined array key "recaptchaSiteKey"
in APPPATH\Views\login\index.php on line 99.
 1 APPPATH\Views\login\index.php(99): CodeIgniter\Debug\Exceptions->errorHandler(2, 'Undefined array key "recaptchaSiteKey"', 'D:\\Suluh\\Kerja\\project\\sipemas\\sipemas-web\\app\\Views\\login\\index.php', 99)
 2 SYSTEMPATH\View\View.php(213): include('D:\\Suluh\\Kerja\\project\\sipemas\\sipemas-web\\app\\Views\\login\\index.php')
 3 SYSTEMPATH\View\View.php(216): CodeIgniter\View\View->CodeIgniter\View\{closure}()
 4 SYSTEMPATH\Common.php(1184): CodeIgniter\View\View->render('login/index', [], true)
 5 APPPATH\Controllers\Login.php(174): view('login/index', [...])
 6 SYSTEMPATH\CodeIgniter.php(934): App\Controllers\Login->index()
 7 SYSTEMPATH\CodeIgniter.php(499): CodeIgniter\CodeIgniter->runController(Object(App\Controllers\Login))
 8 SYSTEMPATH\CodeIgniter.php(368): CodeIgniter\CodeIgniter->handleRequest(null, Object(Config\Cache), false)
 9 FCPATH\index.php(67): CodeIgniter\CodeIgniter->run()
10 SYSTEMPATH\Commands\Server\rewrite.php(47): require_once('D:\\Suluh\\Kerja\\project\\sipemas\\sipemas-web\\public\\index.php')
INFO - 2023-06-04 05:11:57 --> Session: Class initialized using 'CodeIgniter\Session\Handlers\FileHandler' driver.
INFO - 2023-06-04 05:13:28 --> Session: Class initialized using 'CodeIgniter\Session\Handlers\FileHandler' driver.
INFO - 2023-06-04 05:13:34 --> Session: Class initialized using 'CodeIgniter\Session\Handlers\FileHandler' driver.
INFO - 2023-06-04 05:18:35 --> Session: Class initialized using 'CodeIgniter\Session\Handlers\FileHandler' driver.
CRITICAL - 2023-06-04 05:18:38 --> Undefined variable $login_link
in APPPATH\Views\register\index.php on line 97.
 1 APPPATH\Views\register\index.php(97): CodeIgniter\Debug\Exceptions->errorHandler(2, 'Undefined variable $login_link', 'D:\\Suluh\\Kerja\\project\\sipemas\\sipemas-web\\app\\Views\\register\\index.php', 97)
 2 SYSTEMPATH\View\View.php(213): include('D:\\Suluh\\Kerja\\project\\sipemas\\sipemas-web\\app\\Views\\register\\index.php')
 3 SYSTEMPATH\View\View.php(216): CodeIgniter\View\View->CodeIgniter\View\{closure}()
 4 SYSTEMPATH\Common.php(1184): CodeIgniter\View\View->render('register/index', [], true)
 5 APPPATH\Controllers\Login.php(172): view('register/index', [...])
 6 SYSTEMPATH\CodeIgniter.php(934): App\Controllers\Login->index()
 7 SYSTEMPATH\CodeIgniter.php(499): CodeIgniter\CodeIgniter->runController(Object(App\Controllers\Login))
 8 SYSTEMPATH\CodeIgniter.php(368): CodeIgniter\CodeIgniter->handleRequest(null, Object(Config\Cache), false)
 9 FCPATH\index.php(67): CodeIgniter\CodeIgniter->run()
10 SYSTEMPATH\Commands\Server\rewrite.php(47): require_once('D:\\Suluh\\Kerja\\project\\sipemas\\sipemas-web\\public\\index.php')
INFO - 2023-06-04 05:19:16 --> Session: Class initialized using 'CodeIgniter\Session\Handlers\FileHandler' driver.
INFO - 2023-06-04 05:19:47 --> Session: Class initialized using 'CodeIgniter\Session\Handlers\FileHandler' driver.
CRITICAL - 2023-06-04 05:19:47 --> Call to a member function getPost() on null
in APPPATH\Controllers\AdminController.php on line 47.
 1 APPPATH\Controllers\Login.php(82): App\Controllers\AdminController->create()
 2 SYSTEMPATH\CodeIgniter.php(934): App\Controllers\Login->index()
 3 SYSTEMPATH\CodeIgniter.php(499): CodeIgniter\CodeIgniter->runController(Object(App\Controllers\Login))
 4 SYSTEMPATH\CodeIgniter.php(368): CodeIgniter\CodeIgniter->handleRequest(null, Object(Config\Cache), false)
 5 FCPATH\index.php(67): CodeIgniter\CodeIgniter->run()
 6 SYSTEMPATH\Commands\Server\rewrite.php(47): require_once('D:\\Suluh\\Kerja\\project\\sipemas\\sipemas-web\\public\\index.php')
INFO - 2023-06-04 05:25:04 --> Session: Class initialized using 'CodeIgniter\Session\Handlers\FileHandler' driver.
WARNING - 2023-06-04 05:25:06 --> [DEPRECATED] Google\Cloud\Firestore\WriteBatch is deprecated and will be removed in the next major release.
    Use Google\Cloud\Firestore\BulkWriter instead in VENDORPATH\google\cloud-firestore\src\WriteBatch.php on line 48.
 1 VENDORPATH\google\cloud-firestore\src\WriteBatch.php(48): trigger_error('Google\\Cloud\\Firestore\\WriteBatch is deprecated and will be removed in the next major release.
    Use Google\\Cloud\\Firestore\\BulkWriter instead', 16384)
 2 SYSTEMPATH\Autoloader\Autoloader.php(312): include_once('D:\\Suluh\\Kerja\\project\\sipemas\\sipemas-web\\vendor\\google\\cloud-firestore\\src\\WriteBatch.php')
 3 SYSTEMPATH\Autoloader\Autoloader.php(248): CodeIgniter\Autoloader\Autoloader->includeFile('D:\\Suluh\\Kerja\\project\\sipemas\\sipemas-web\\vendor\\composer/../google/cloud-firestore/src/WriteBatch.php')
 4 [internal function]: CodeIgniter\Autoloader\Autoloader->loadClassmap('Google\\Cloud\\Firestore\\WriteBatch')
 5 VENDORPATH\google\cloud-firestore\src\DocumentReference.php(418): class_exists('Google\\Cloud\\Firestore\\WriteBatch')
 6 VENDORPATH\google\cloud-firestore\src\DocumentReference.php(225): Google\Cloud\Firestore\DocumentReference->batchFactory()
 7 APPPATH\Libraries\FirebaseClient.php(76): Google\Cloud\Firestore\DocumentReference->set([...])
 8 APPPATH\Controllers\AdminController.php(65): App\Libraries\FirebaseClient->createAdmin([...])
 9 APPPATH\Controllers\Login.php(82): App\Controllers\AdminController->create([...])
10 SYSTEMPATH\CodeIgniter.php(934): App\Controllers\Login->index()
11 SYSTEMPATH\CodeIgniter.php(499): CodeIgniter\CodeIgniter->runController(Object(App\Controllers\Login))
12 SYSTEMPATH\CodeIgniter.php(368): CodeIgniter\CodeIgniter->handleRequest(null, Object(Config\Cache), false)
13 FCPATH\index.php(67): CodeIgniter\CodeIgniter->run()
14 SYSTEMPATH\Commands\Server\rewrite.php(47): require_once('D:\\Suluh\\Kerja\\project\\sipemas\\sipemas-web\\public\\index.php')
INFO - 2023-06-04 05:25:13 --> Session: Class initialized using 'CodeIgniter\Session\Handlers\FileHandler' driver.
INFO - 2023-06-04 05:26:08 --> Session: Class initialized using 'CodeIgniter\Session\Handlers\FileHandler' driver.
INFO - 2023-06-04 05:27:15 --> Session: Class initialized using 'CodeIgniter\Session\Handlers\FileHandler' driver.
WARNING - 2023-06-04 05:27:16 --> [DEPRECATED] Google\Cloud\Firestore\WriteBatch is deprecated and will be removed in the next major release.
    Use Google\Cloud\Firestore\BulkWriter instead in VENDORPATH\google\cloud-firestore\src\WriteBatch.php on line 48.
 1 VENDORPATH\google\cloud-firestore\src\WriteBatch.php(48): trigger_error('Google\\Cloud\\Firestore\\WriteBatch is deprecated and will be removed in the next major release.
    Use Google\\Cloud\\Firestore\\BulkWriter instead', 16384)
 2 SYSTEMPATH\Autoloader\Autoloader.php(312): include_once('D:\\Suluh\\Kerja\\project\\sipemas\\sipemas-web\\vendor\\google\\cloud-firestore\\src\\WriteBatch.php')
 3 SYSTEMPATH\Autoloader\Autoloader.php(248): CodeIgniter\Autoloader\Autoloader->includeFile('D:\\Suluh\\Kerja\\project\\sipemas\\sipemas-web\\vendor\\composer/../google/cloud-firestore/src/WriteBatch.php')
 4 [internal function]: CodeIgniter\Autoloader\Autoloader->loadClassmap('Google\\Cloud\\Firestore\\WriteBatch')
 5 VENDORPATH\google\cloud-firestore\src\DocumentReference.php(418): class_exists('Google\\Cloud\\Firestore\\WriteBatch')
 6 VENDORPATH\google\cloud-firestore\src\DocumentReference.php(225): Google\Cloud\Firestore\DocumentReference->batchFactory()
 7 APPPATH\Libraries\FirebaseClient.php(76): Google\Cloud\Firestore\DocumentReference->set([...])
 8 APPPATH\Controllers\AdminController.php(65): App\Libraries\FirebaseClient->createAdmin([...])
 9 APPPATH\Controllers\Login.php(82): App\Controllers\AdminController->create([...])
10 SYSTEMPATH\CodeIgniter.php(934): App\Controllers\Login->index()
11 SYSTEMPATH\CodeIgniter.php(499): CodeIgniter\CodeIgniter->runController(Object(App\Controllers\Login))
12 SYSTEMPATH\CodeIgniter.php(368): CodeIgniter\CodeIgniter->handleRequest(null, Object(Config\Cache), false)
13 FCPATH\index.php(67): CodeIgniter\CodeIgniter->run()
14 SYSTEMPATH\Commands\Server\rewrite.php(47): require_once('D:\\Suluh\\Kerja\\project\\sipemas\\sipemas-web\\public\\index.php')
INFO - 2023-06-04 05:28:15 --> Session: Class initialized using 'CodeIgniter\Session\Handlers\FileHandler' driver.
WARNING - 2023-06-04 05:28:16 --> [DEPRECATED] Google\Cloud\Firestore\WriteBatch is deprecated and will be removed in the next major release.
    Use Google\Cloud\Firestore\BulkWriter instead in VENDORPATH\google\cloud-firestore\src\WriteBatch.php on line 48.
 1 VENDORPATH\google\cloud-firestore\src\WriteBatch.php(48): trigger_error('Google\\Cloud\\Firestore\\WriteBatch is deprecated and will be removed in the next major release.
    Use Google\\Cloud\\Firestore\\BulkWriter instead', 16384)
 2 SYSTEMPATH\Autoloader\Autoloader.php(312): include_once('D:\\Suluh\\Kerja\\project\\sipemas\\sipemas-web\\vendor\\google\\cloud-firestore\\src\\WriteBatch.php')
 3 SYSTEMPATH\Autoloader\Autoloader.php(248): CodeIgniter\Autoloader\Autoloader->includeFile('D:\\Suluh\\Kerja\\project\\sipemas\\sipemas-web\\vendor\\composer/../google/cloud-firestore/src/WriteBatch.php')
 4 [internal function]: CodeIgniter\Autoloader\Autoloader->loadClassmap('Google\\Cloud\\Firestore\\WriteBatch')
 5 VENDORPATH\google\cloud-firestore\src\DocumentReference.php(418): class_exists('Google\\Cloud\\Firestore\\WriteBatch')
 6 VENDORPATH\google\cloud-firestore\src\DocumentReference.php(225): Google\Cloud\Firestore\DocumentReference->batchFactory()
 7 APPPATH\Libraries\FirebaseClient.php(76): Google\Cloud\Firestore\DocumentReference->set([...])
 8 APPPATH\Controllers\AdminController.php(65): App\Libraries\FirebaseClient->createAdmin([...])
 9 APPPATH\Controllers\Login.php(82): App\Controllers\AdminController->create([...])
10 SYSTEMPATH\CodeIgniter.php(934): App\Controllers\Login->index()
11 SYSTEMPATH\CodeIgniter.php(499): CodeIgniter\CodeIgniter->runController(Object(App\Controllers\Login))
12 SYSTEMPATH\CodeIgniter.php(368): CodeIgniter\CodeIgniter->handleRequest(null, Object(Config\Cache), false)
13 FCPATH\index.php(67): CodeIgniter\CodeIgniter->run()
14 SYSTEMPATH\Commands\Server\rewrite.php(47): require_once('D:\\Suluh\\Kerja\\project\\sipemas\\sipemas-web\\public\\index.php')
INFO - 2023-06-04 05:28:36 --> Session: Class initialized using 'CodeIgniter\Session\Handlers\FileHandler' driver.
INFO - 2023-06-04 05:29:35 --> Session: Class initialized using 'CodeIgniter\Session\Handlers\FileHandler' driver.
INFO - 2023-06-04 05:30:02 --> Session: Class initialized using 'CodeIgniter\Session\Handlers\FileHandler' driver.
INFO - 2023-06-04 05:30:07 --> Session: Class initialized using 'CodeIgniter\Session\Handlers\FileHandler' driver.
WARNING - 2023-06-04 05:30:07 --> [DEPRECATED] Google\Cloud\Firestore\WriteBatch is deprecated and will be removed in the next major release.
    Use Google\Cloud\Firestore\BulkWriter instead in VENDORPATH\google\cloud-firestore\src\WriteBatch.php on line 48.
 1 VENDORPATH\google\cloud-firestore\src\WriteBatch.php(48): trigger_error('Google\\Cloud\\Firestore\\WriteBatch is deprecated and will be removed in the next major release.
    Use Google\\Cloud\\Firestore\\BulkWriter instead', 16384)
 2 SYSTEMPATH\Autoloader\Autoloader.php(312): include_once('D:\\Suluh\\Kerja\\project\\sipemas\\sipemas-web\\vendor\\google\\cloud-firestore\\src\\WriteBatch.php')
 3 SYSTEMPATH\Autoloader\Autoloader.php(248): CodeIgniter\Autoloader\Autoloader->includeFile('D:\\Suluh\\Kerja\\project\\sipemas\\sipemas-web\\vendor\\composer/../google/cloud-firestore/src/WriteBatch.php')
 4 [internal function]: CodeIgniter\Autoloader\Autoloader->loadClassmap('Google\\Cloud\\Firestore\\WriteBatch')
 5 VENDORPATH\google\cloud-firestore\src\DocumentReference.php(418): class_exists('Google\\Cloud\\Firestore\\WriteBatch')
 6 VENDORPATH\google\cloud-firestore\src\DocumentReference.php(225): Google\Cloud\Firestore\DocumentReference->batchFactory()
 7 APPPATH\Libraries\FirebaseClient.php(76): Google\Cloud\Firestore\DocumentReference->set([...])
 8 APPPATH\Controllers\AdminController.php(65): App\Libraries\FirebaseClient->createAdmin([...])
 9 APPPATH\Controllers\Login.php(83): App\Controllers\AdminController->create([...])
10 SYSTEMPATH\CodeIgniter.php(934): App\Controllers\Login->index()
11 SYSTEMPATH\CodeIgniter.php(499): CodeIgniter\CodeIgniter->runController(Object(App\Controllers\Login))
12 SYSTEMPATH\CodeIgniter.php(368): CodeIgniter\CodeIgniter->handleRequest(null, Object(Config\Cache), false)
13 FCPATH\index.php(67): CodeIgniter\CodeIgniter->run()
14 SYSTEMPATH\Commands\Server\rewrite.php(47): require_once('D:\\Suluh\\Kerja\\project\\sipemas\\sipemas-web\\public\\index.php')
INFO - 2023-06-04 05:30:08 --> Session: Class initialized using 'CodeIgniter\Session\Handlers\FileHandler' driver.
